<?xml version="1.0" encoding="UTF-8"?>
<!-- Generated by org.testng.reporters.JUnitReportReporter -->
<testsuite hostname="LAPTOP-12VBQ1HB" failures="0" tests="1" name="testcase.jenkinstest1" time="29.551" errors="0" timestamp="2023-03-15T21:38:20 IST" skipped="0">
  <testcase classname="testcase.jenkinstest1" name="jenkinstest" time="29.551"/>
  <system-out/>
</testsuite> <!-- testcase.jenkinstest1 -->
