<?xml version="1.0" encoding="UTF-8"?>
<!-- Generated by org.testng.reporters.JUnitReportReporter -->
<testsuite hostname="LAPTOP-12VBQ1HB" failures="0" tests="1" name="testcaseinjenkins.jenkinstest1" time="27.287" errors="0" timestamp="2023-07-07T21:54:38 IST" skipped="0">
  <testcase classname="testcaseinjenkins.jenkinstest1" name="jenkinstest" time="27.287"/>
  <system-out/>
</testsuite> <!-- testcaseinjenkins.jenkinstest1 -->
