<?xml version="1.0" encoding="UTF-8"?>
<!-- Generated by org.testng.reporters.JUnitReportReporter -->
<testsuite hostname="LAPTOP-12VBQ1HB" failures="0" tests="1" name="testcase.jenkinstest1" time="20.934" errors="0" timestamp="2023-07-02T21:09:32 IST" skipped="0">
  <testcase classname="testcase.jenkinstest1" name="jenkinstest" time="20.934"/>
  <system-out/>
</testsuite> <!-- testcase.jenkinstest1 -->
