<?xml version="1.0" encoding="UTF-8"?>
<!-- Generated by org.testng.reporters.JUnitReportReporter -->
<testsuite hostname="LAPTOP-12VBQ1HB" failures="0" tests="1" name="DeOnpackage.DeOnLogin" time="26.216" errors="0" timestamp="2023-02-23T22:50:04 IST" skipped="0">
  <testcase classname="DeOnpackage.DeOnLogin" name="Open_Browser" time="26.216"/>
  <system-out/>
</testsuite> <!-- DeOnpackage.DeOnLogin -->
